[info] Log at : 2024/9/3|18:52:10|GMT+0800

[info] Log at : 2024/9/3|19:30:04|GMT+0800

[info] Log at : 2024/9/5|01:09:44|GMT+0800

[info] Log at : 2024/9/7|16:02:39|GMT+0800

[info] Log at : 2024/9/7|22:01:12|GMT+0800

[info] Log at : 2024/9/9|13:28:02|GMT+0800

[info] Log at : 2024/9/9|15:47:34|GMT+0800

[info] Log at : 2024/9/11|00:57:05|GMT+0800

[info] Log at : 2024/9/12|16:41:02|GMT+0800

[info] Log at : 2024/9/14|23:23:50|GMT+0800

[info] Log at : 2024/9/15|02:36:53|GMT+0800

[info] Log at : 2024/9/15|16:19:06|GMT+0800

[info] Log at : 2024/9/15|18:31:15|GMT+0800

[info] Log at : 2024/9/15|20:59:18|GMT+0800

[info] Log at : 2024/9/19|11:57:51|GMT+0800

[info] Log at : 2024/9/24|19:30:50|GMT+0800

[info] Log at : 2024/9/30|18:13:34|GMT+0800

[info] Log at : 2024/10/1|18:24:04|GMT+0800

[info] Log at : 2024/10/1|18:34:15|GMT+0800

[info] Log at : 2024/10/1|19:33:03|GMT+0800

[info] Log at : 2024/10/7|01:15:23|GMT+0800

[info] Log at : 2024/10/14|01:22:09|GMT+0800

[info] Log at : 2024/10/15|01:12:55|GMT+0800

[info] Log at : 2024/10/15|13:53:53|GMT+0800

[info] Log at : 2024/10/16|01:07:22|GMT+0800

[info] Log at : 2024/10/16|12:38:30|GMT+0800

[info] Log at : 2024/10/16|16:18:33|GMT+0800

[info] Log at : 2024/10/17|15:32:29|GMT+0800

[info] Log at : 2024/10/17|15:46:30|GMT+0800

[info] Log at : 2024/10/17|15:53:09|GMT+0800

[info] Log at : 2024/10/18|01:40:09|GMT+0800

[info] Log at : 2024/10/18|14:05:09|GMT+0800

[info] Log at : 2024/10/18|16:55:43|GMT+0800

[info] Log at : 2024/10/18|17:20:26|GMT+0800

[info] Log at : 2024/10/18|22:45:55|GMT+0800

[info] Log at : 2024/10/19|15:56:51|GMT+0800

[info] Log at : 2024/10/19|20:10:42|GMT+0800

[info] Log at : 2024/10/21|14:47:31|GMT+0800

[info] Log at : 2024/10/21|17:01:08|GMT+0800

[info] Log at : 2024/10/24|21:22:26|GMT+0800

[info] Log at : 2024/10/24|21:30:28|GMT+0800

[info] Log at : 2024/10/25|01:35:22|GMT+0800

[info] Log at : 2024/10/26|16:29:52|GMT+0800

[info] Log at : 2024/10/27|16:31:55|GMT+0800

[info] Log at : 2024/10/30|01:15:14|GMT+0800

[info] Log at : 2024/10/30|02:21:04|GMT+0800

[info] Log at : 2024/10/30|02:21:39|GMT+0800

[info] Log at : 2024/10/30|02:22:13|GMT+0800

[info] Log at : 2024/10/30|02:23:21|GMT+0800

<<<<<<< Updated upstream
[info] Log at : 2024/10/30|02:44:41|GMT+0800

[info] Log at : 2024/11/4|15:05:17|GMT+0800

[info] Log at : 2024/11/5|14:44:12|GMT+0800

[info] Log at : 2024/11/5|16:33:08|GMT+0800

[info] Log at : 2024/11/7|15:18:54|GMT+0800

[info] Log at : 2024/11/7|16:01:59|GMT+0800

[info] Log at : 2024/11/8|15:47:25|GMT+0800

<<<<<<< Updated upstream
[info] Log at : 2024/11/9|15:57:12|GMT+0800

[info] Log at : 2024/11/9|16:49:29|GMT+0800
=======
<<<<<<< HEAD
[info] Log at : 2024/11/6|20:14:27|GMT+0800
=======
[info] Log at : 2024/11/9|13:05:12|GMT+0800
>>>>>>> fab872cb0f2ce572245cd3ae0cd6f865271d93c1
>>>>>>> Stashed changes

[info] Log at : 2024/11/10|16:02:10|GMT+0800

[info] Log at : 2024/11/13|15:32:33|GMT+0800

[info] Log at : 2024/11/14|15:55:05|GMT+0800

[info] Log at : 2024/11/15|18:39:49|GMT+0800

[info] Log at : 2024/11/16|16:41:33|GMT+0800

[info] Log at : 2024/11/17|04:12:02|GMT+0800

[info] Log at : 2024/11/18|20:34:23|GMT+0800

[info] Log at : 2024/11/19|15:21:15|GMT+0800

[info] Log at : 2024/11/20|15:59:21|GMT+0800

[info] Log at : 2024/11/20|16:49:59|GMT+0800

[info] Log at : 2024/11/22|18:27:15|GMT+0800

[info] Log at : 2024/11/22|20:56:30|GMT+0800

[info] Log at : 2024/11/22|21:46:20|GMT+0800

[info] Log at : 2024/11/23|02:10:20|GMT+0800

[info] Log at : 2024/11/23|02:10:59|GMT+0800

[info] Log at : 2024/11/23|02:11:39|GMT+0800

[info] Log at : 2024/11/23|02:21:11|GMT+0800

[info] Log at : 2024/11/23|02:22:38|GMT+0800

[info] Log at : 2024/11/23|02:26:07|GMT+0800

[info] Log at : 2024/11/23|02:27:24|GMT+0800

[info] Log at : 2024/11/23|02:27:58|GMT+0800

[info] Log at : 2024/11/23|02:29:06|GMT+0800

[info] Log at : 2024/11/23|02:37:14|GMT+0800

[info] Log at : 2024/11/23|16:46:21|GMT+0800

[info] Log at : 2024/11/23|16:47:20|GMT+0800

[info] Log at : 2024/11/23|16:53:56|GMT+0800

[info] Log at : 2024/11/23|16:55:28|GMT+0800

[info] Log at : 2024/11/24|15:50:22|GMT+0800

[info] Log at : 2024/11/25|16:17:39|GMT+0800

